<?xml version="1.0" encoding="UTF-8"?>
<!-- Generated by org.testng.reporters.JUnitXMLReporter -->
<testsuite ignored="0" hostname="INDSAF-G3BY854" failures="1" tests="1" name="Default test" time="10.591" errors="0" timestamp="2025-03-24T10:40:33 SAST">
  <testcase classname="io.cucumber.testng.AbstractTestNGCucumberTests" name="runScenario" time="6.993">
    <failure type="io.cucumber.java.PendingException" message="TODO: implement me">
      <![CDATA[io.cucumber.java.PendingException: TODO: implement me
at StepDefinition.SalesDefinitions.launch_the_browser_and_load_url(SalesDefinitions.java:30)
at ✽.Launch the browser and Load URL(file:///C:/Users/PhathutshedzoSibara/eclipse-workspace/cucumberAssesment/src/test/java/Feature/Sales.feature:6)
]]>
    </failure>
  </testcase> <!-- runScenario -->
</testsuite> <!-- Default test -->
