<?xml version="1.0" encoding="UTF-8"?>
<testng-results ignored="0" total="1" passed="0" failed="1" skipped="0">
  <reporter-output>
  </reporter-output>
  <suite started-at="2025-03-24T10:40:22 SAST" name="Default suite" finished-at="2025-03-24T10:40:33 SAST" duration-ms="10591">
    <groups>
      <group name="cucumber">
        <method signature="AbstractTestNGCucumberTests.runScenario(io.cucumber.testng.PickleWrapper,io.cucumber.testng.FeatureWrapper)[pri:0, instance:Runner.SalesForceRunner@6989da5e]" name="runScenario" class="io.cucumber.testng.AbstractTestNGCucumberTests"/>
      </group> <!-- cucumber -->
    </groups>
    <test started-at="2025-03-24T10:40:22 SAST" name="Default test" finished-at="2025-03-24T10:40:33 SAST" duration-ms="10591">
      <class name="Runner.SalesForceRunner">
        <test-method is-config="true" signature="setUpClass(org.testng.ITestContext)[pri:0, instance:Runner.SalesForceRunner@6989da5e]" started-at="2025-03-24T10:40:22 SAST" name="setUpClass" finished-at="2025-03-24T10:40:24 SAST" duration-ms="1469" status="PASS">
          <params>
            <param index="0">
              <value>
                <![CDATA[org.testng.TestRunner@5ad1904f]]>
              </value>
            </param>
          </params>
          <reporter-output>
          </reporter-output>
        </test-method> <!-- setUpClass -->
        <test-method signature="runScenario(io.cucumber.testng.PickleWrapper,io.cucumber.testng.FeatureWrapper)[pri:0, instance:Runner.SalesForceRunner@6989da5e]" started-at="2025-03-24T10:40:24 SAST" name="runScenario" description="Runs Cucumber Scenarios" data-provider="scenarios" finished-at="2025-03-24T10:40:31 SAST" duration-ms="6993" status="FAIL">
          <params>
            <param index="0">
              <value>
                <![CDATA["Title of your scenario"]]>
              </value>
            </param>
            <param index="1">
              <value>
                <![CDATA["SalesForce Application"]]>
              </value>
            </param>
          </params>
          <exception class="io.cucumber.java.PendingException">
            <message>
              <![CDATA[TODO: implement me]]>
            </message>
            <full-stacktrace>
              <![CDATA[io.cucumber.java.PendingException: TODO: implement me
at StepDefinition.SalesDefinitions.launch_the_browser_and_load_url(SalesDefinitions.java:30)
at ✽.Launch the browser and Load URL(file:///C:/Users/PhathutshedzoSibara/eclipse-workspace/cucumberAssesment/src/test/java/Feature/Sales.feature:6)
]]>
            </full-stacktrace>
          </exception> <!-- io.cucumber.java.PendingException -->
          <reporter-output>
          </reporter-output>
        </test-method> <!-- runScenario -->
        <test-method is-config="true" signature="tearDownClass()[pri:0, instance:Runner.SalesForceRunner@6989da5e]" started-at="2025-03-24T10:40:31 SAST" name="tearDownClass" finished-at="2025-03-24T10:40:33 SAST" duration-ms="2037" status="PASS">
          <reporter-output>
          </reporter-output>
        </test-method> <!-- tearDownClass -->
      </class> <!-- Runner.SalesForceRunner -->
    </test> <!-- Default test -->
  </suite> <!-- Default suite -->
</testng-results>
