<?xml version="1.0" encoding="UTF-8"?>
<!-- Generated by org.testng.reporters.JUnitReportReporter -->
<testsuite hostname="INDSAF-G3BY854" failures="0" tests="1" name="Runner.SalesForceRunner" time="6.993" errors="1" timestamp="2025-03-24T10:40:33 SAST" skipped="0">
  <testcase classname="Runner.SalesForceRunner" name="runScenario" time="6.993">
    <error message="TODO: implement me" type="io.cucumber.java.PendingException">
      <![CDATA[io.cucumber.java.PendingException: TODO: implement me
at StepDefinition.SalesDefinitions.launch_the_browser_and_load_url(SalesDefinitions.java:30)
at ✽.Launch the browser and Load URL(file:///C:/Users/PhathutshedzoSibara/eclipse-workspace/cucumberAssesment/src/test/java/Feature/Sales.feature:6)
]]>
    </error>
  </testcase> <!-- runScenario -->
  <system-out/>
</testsuite> <!-- Runner.SalesForceRunner -->
